example/build/outputs/mapping/release/seeds.txt
com.yourgpt.sdk.example.HomeScreenActivity$initializeSDK$1
com.yourgpt.sdk.example.databinding.FragmentOrdersBinding
com.yourgpt.sdk.example.R$menu
com.yourgpt.sdk.example.HomeFragment
com.yourgpt.sdk.example.OrdersFragment
com.yourgpt.sdk.example.databinding.FragmentHomeBinding
com.yourgpt.sdk.example.MainActivity$Companion
com.yourgpt.sdk.example.R
com.yourgpt.sdk.example.HomeScreenActivity$setupUI$2
com.yourgpt.sdk.example.HomeScreenActivity$ViewPagerAdapter
com.yourgpt.sdk.example.databinding.ActivityMainBinding
com.yourgpt.sdk.example.databinding.FragmentExchangeBinding
com.yourgpt.sdk.example.SupportFragment
com.yourgpt.sdk.example.R$string
com.yourgpt.sdk.example.OrdersFragment$Order
com.yourgpt.sdk.example.HomeScreenActivity
com.yourgpt.sdk.example.ExchangeFragment
com.yourgpt.sdk.example.R$drawable
com.yourgpt.sdk.example.R$style
com.yourgpt.sdk.example.R$raw
com.yourgpt.sdk.example.R$color
com.yourgpt.sdk.example.MainActivity
com.yourgpt.sdk.example.databinding.FragmentSupportBinding
com.yourgpt.sdk.example.databinding.ActivityHomeScreenBinding
com.yourgpt.sdk.example.R$id
com.yourgpt.sdk.example.R$layout
com.yourgpt.sdk.example.R$color: int balance_text_label
com.yourgpt.sdk.example.R$raw: int notification_sound
com.yourgpt.sdk.example.R$drawable: int crypto_icon_bg
com.yourgpt.sdk.example.HomeScreenActivity: androidx.viewpager2.widget.ViewPager2 viewPager
com.yourgpt.sdk.example.R$id: int bottomNavigationView
com.yourgpt.sdk.example.R$color: int surface_secondary
com.yourgpt.sdk.example.databinding.FragmentExchangeBinding: androidx.cardview.widget.CardView cardMarketOrder
com.yourgpt.sdk.example.R$id: int navigation_orders
com.yourgpt.sdk.example.R$color: int background_primary
com.yourgpt.sdk.example.R$drawable: int ic_orders
com.yourgpt.sdk.example.R$drawable: int ic_support
com.yourgpt.sdk.example.R$id: int tv_status
com.yourgpt.sdk.example.databinding.FragmentExchangeBinding: com.google.android.material.tabs.TabLayout tabBuySell
com.yourgpt.sdk.example.R$string: int gcm_defaultSenderId
com.yourgpt.sdk.example.R$style: int Theme_YourGPTExample_Splash
com.yourgpt.sdk.example.R$id: int etPrice
com.yourgpt.sdk.example.R$layout: int fragment_orders
com.yourgpt.sdk.example.databinding.FragmentExchangeBinding: android.widget.Button btnSubmitOrder
com.yourgpt.sdk.example.R$color: int surface_elevated
com.yourgpt.sdk.example.databinding.ActivityMainBinding: android.widget.TextView tvStatus
com.yourgpt.sdk.example.R$string: int app_name
com.yourgpt.sdk.example.R$id: int btnSubmitOrder
com.yourgpt.sdk.example.databinding.FragmentHomeBinding: android.widget.TextView tvDailyChange
com.yourgpt.sdk.example.R$drawable: int ic_bitcoin
com.yourgpt.sdk.example.databinding.FragmentOrdersBinding: android.widget.LinearLayout llEmptyState
com.yourgpt.sdk.example.R$id: int tilAmount
com.yourgpt.sdk.example.databinding.FragmentOrdersBinding: androidx.recyclerview.widget.RecyclerView rvOrders
com.yourgpt.sdk.example.R$color: int white
com.yourgpt.sdk.example.R$style: int Theme_YourGPTExample_NoActionBar
com.yourgpt.sdk.example.R$drawable: int ic_sell
com.yourgpt.sdk.example.R$drawable: int primary_button_bg
com.yourgpt.sdk.example.R$drawable: int action_button_bg_sell
com.yourgpt.sdk.example.R$color: int text_primary
com.yourgpt.sdk.example.R$drawable: int percentage_badge_bg
com.yourgpt.sdk.example.databinding.FragmentExchangeBinding: com.google.android.material.textfield.TextInputLayout tilPrice
com.yourgpt.sdk.example.databinding.FragmentHomeBinding: androidx.core.widget.NestedScrollView rootView
com.yourgpt.sdk.example.HomeScreenActivity$initializeSDK$1: com.yourgpt.sdk.example.HomeScreenActivity this$0
com.yourgpt.sdk.example.R$color: int text_secondary
com.yourgpt.sdk.example.databinding.ActivityMainBinding: android.widget.Button btnOpenBottomSheet
com.yourgpt.sdk.example.R$drawable: int ic_home
com.yourgpt.sdk.example.R$id: int viewPager
com.yourgpt.sdk.example.R$id: int btn_open_bottom_sheet
...
com.google.android.material.color.utilities.ViewingConditions: double getFlRoot()
com.google.android.material.navigationrail.NavigationRailMenuView: com.google.android.material.navigation.NavigationBarItemView createNavigationBarItemView(android.content.Context)
androidx.appcompat.app.AppCompatViewInflater: androidx.appcompat.widget.AppCompatSpinner createSpinner(android.content.Context,android.util.AttributeSet)
androidx.core.view.ViewCompat: android.graphics.Matrix getMatrix(android.view.View)
androidx.fragment.app.Fragment: java.lang.CharSequence getText(int)
androidx.room.QueryInterceptorDatabase: void execSQL(java.lang.String)
com.google.android.material.chip.ChipDrawable: void getOutline(android.graphics.Outline)
androidx.privacysandbox.ads.adservices.java.measurement.MeasurementManagerFutures$Api33Ext5JavaImpl$getMeasurementApiStatusAsync$1: java.lang.Object invoke(java.lang.Object,java.lang.Object)
androidx.fragment.app.strictmode.FragmentStrictMode$Policy$Builder: androidx.fragment.app.strictmode.FragmentStrictMode$Policy$Builder detectFragmentTagUsage()
com.google.android.material.slider.BaseSlider: float getStepSize()
com.google.android.material.color.utilities.PointProvider: int toInt(double[])
androidx.appcompat.widget.AppCompatTextViewAutoSizeHelper: AppCompatTextViewAutoSizeHelper(android.widget.TextView)
androidx.work.impl.model.WorkSpecDao_Impl: java.util.List getEligibleWorkForSchedulingWithContentUris()
androidx.core.view.WindowInsetsControllerCompat$Impl: void show(int)
androidx.appcompat.view.menu.MenuItemImpl: android.view.MenuItem setShowAsActionFlags(int)
androidx.work.impl.foreground.SystemForegroundDispatcher$1: SystemForegroundDispatcher$1(androidx.work.impl.foreground.SystemForegroundDispatcher,java.lang.String)
androidx.collection.ArrayMap$1: int colIndexOfKey(java.lang.Object)
com.google.android.material.circularreveal.CircularRevealWidget: boolean isOpaque()
androidx.appcompat.widget.ActivityChooserView$ActivityChooserViewAdapter: android.content.pm.ResolveInfo getDefaultActivity()
androidx.constraintlayout.motion.widget.KeyTimeCycle: float access$1000(androidx.constraintlayout.motion.widget.KeyTimeCycle)
com.google.android.material.appbar.AppBarLayout$BaseBehavior$SavedState$1: com.google.android.material.appbar.AppBarLayout$BaseBehavior$SavedState createFromParcel(android.os.Parcel)
androidx.appcompat.widget.DrawableUtils: void fixDrawable(android.graphics.drawable.Drawable)
androidx.sqlite.db.SupportSQLiteCompat$Api21Impl: SupportSQLiteCompat$Api21Impl()
androidx.appcompat.app.ActionBarDrawerToggle: void setActionBarUpIndicator(android.graphics.drawable.Drawable,int)
com.google.android.material.chip.ChipGroup: void setSingleSelection(int)
androidx.core.widget.CheckedTextViewCompat$Api14Impl: CheckedTextViewCompat$Api14Impl()
com.google.android.material.dialog.MaterialAlertDialogBuilder: com.google.android.material.dialog.MaterialAlertDialogBuilder setPositiveButton(java.lang.CharSequence,android.content.DialogInterface$OnClickListener)
androidx.appcompat.widget.ResourcesWrapper: int getDimensionPixelOffset(int)
com.google.android.material.R$integer: R$integer()
androidx.work.impl.background.systemjob.SystemJobService: androidx.work.impl.model.WorkGenerationalId workGenerationalIdFromJobParameters(android.app.job.JobParameters)
androidx.work.impl.WorkDatabase_Impl: androidx.work.impl.model.PreferenceDao preferenceDao()
androidx.core.content.ContentProviderCompat: ContentProviderCompat()
androidx.activity.SystemBarStyle$Companion$dark$1: java.lang.Boolean invoke(android.content.res.Resources)
androidx.core.net.DatagramSocketWrapper$DatagramSocketImplWrapper: void accept(java.net.SocketImpl)
androidx.appcompat.widget.ScrollingTabContainerView: void addTab(androidx.appcompat.app.ActionBar$Tab,int,boolean)
androidx.constraintlayout.utils.widget.MotionButton$2: void getOutline(android.view.View,android.graphics.Outline)