example/build/outputs/mapping/release/usage.txt
com.yourgpt.sdk.example.HomeScreenActivity$$InternalSyntheticLambda$1$52674e40ff50dcb1bb5cbe9275b65d50174ad06cf40e25b4f7e7428688ee58ac$0
com.yourgpt.sdk.example.HomeScreenActivity$$InternalSyntheticLambda$1$959fd8868c46e3959a620816f24fe16242deccb1fa54ef0b11691b4f7c3a67a8$0
com.yourgpt.sdk.example.MainActivity$$InternalSyntheticLambda$1$fa6aee9593e4dec47b9e2952e8397f728de2a9d3b6e25899c0b97c9dc2ec728d$0
com.yourgpt.sdk.example.OrdersFragment$Order$$InternalSyntheticBackport$1$bd8c6ff9495a35dc6669929c91c6f5bc7fbaeb0e9568520e1ba6b6926f0865f3$0
com.yourgpt.sdk.example.OrdersFragment$Order$$InternalSyntheticBackport$1$bd8c6ff9495a35dc6669929c91c6f5bc7fbaeb0e9568520e1ba6b6926f0865f3$1
com.yourgpt.sdk.example.SupportFragment$$InternalSyntheticLambda$1$d42db2ee8dbf691268f7c445b34e660ae47df344c74f873dcd3b2b05d21dead5$0
...
com.google.android.gms.common.zzs:
    public void <init>(java.lang.String,com.google.android.gms.common.zzj,boolean,boolean)
com.google.android.gms.common.zzt
com.google.android.gms.common.zzu
com.google.android.gms.common.zzw
com.google.android.gms.common.zzx:
    public final int zzd
    public static com.google.android.gms.common.zzx zzb()
    public static void zze()
com.google.android.gms.common.zzy
com.google.android.gms.dynamic.IObjectWrapper$Stub
com.google.android.gms.dynamic.ObjectWrapper:
    private static void $r8$constructor$com$google$android$gms$dynamic$IObjectWrapper$Stub()
    public static void wrap()
com.google.android.gms.dynamite.DynamiteModule$VersionPolicy
com.google.android.gms.dynamite.DynamiteModule:
    public static final com.google.android.gms.dynamite.DynamiteModule$VersionPolicy PREFER_HIGHEST_OR_REMOTE_VERSION
    public static final com.google.android.gms.dynamite.DynamiteModule$VersionPolicy PREFER_LOCAL
    public static final com.google.android.gms.dynamite.DynamiteModule$VersionPolicy PREFER_REMOTE
    public static final com.google.android.gms.dynamite.DynamiteModule$VersionPolicy PREFER_REMOTE_VERSION_NO_FORCE_STAGING
    public static final com.google.android.gms.dynamite.DynamiteModule$VersionPolicy zza
    public static com.google.android.gms.dynamite.DynamiteModule zzc(android.content.Context,java.lang.String)
    public static boolean zze(android.database.Cursor)
com.google.android.gms.dynamite.zzb:
    public static void <clinit>()
com.google.android.gms.dynamite.zzd:
    public static java.util.Random initialValue()
com.google.android.gms.dynamite.zze
com.google.android.gms.dynamite.zzf
com.google.android.gms.dynamite.zzg
com.google.android.gms.dynamite.zzh
com.google.android.gms.dynamite.zzi
com.google.android.gms.dynamite.zzj
com.google.android.gms.dynamite.zzk
com.google.android.gms.dynamite.zzl
com.google.android.gms.dynamite.zzm
com.google.android.gms.dynamite.zzp
com.google.android.gms.dynamite.zzq:
    public final int zze()
    public static int zzf()
    public static int zzg()
com.google.android.gms.internal.ads_identifier.zza
com.google.android.gms.internal.ads_identifier.zzb
com.google.android.gms.internal.ads_identifier.zzc:
    public static final java.lang.ClassLoader zza
com.google.android.gms.internal.ads_identifier.zzd:
    public final java.lang.String zzb
    private static void $r8$constructor$com$google$android$gms$internal$ads_identifier$zza()
    public final android.os.IBinder asBinder$com$google$android$gms$internal$ads_identifier$zza()
    public final android.os.Parcel zza()
    public static android.os.Parcel zza$com$google$android$gms$internal$ads_identifier$zza()
    public final android.os.Parcel zzb(android.os.Parcel,int)
    public static android.os.Parcel zzb$com$google$android$gms$internal$ads_identifier$zza()
    public final java.lang.String zzc()
    public final boolean zze()
com.google.android.gms.internal.ads_identifier.zzf:
    public abstract java.lang.String zzc()
    public abstract boolean zze()
com.google.android.gms.internal.ads_identifier.zzg
com.google.android.gms.internal.ads_identifier.zzh
com.google.android.gms.internal.ads_identifier.zzi
com.google.android.gms.internal.base.zaa:
    public final synthetic int $r8$classId
    public final android.os.Parcel zaa()
    public abstract void zac()
    public abstract void zad()
com.google.android.gms.internal.base.zab
com.google.android.gms.internal.base.zac:
    public static final java.lang.ClassLoader zaa
    public static void zac(android.os.Parcel,com.google.android.gms.common.internal.safeparcel.AbstractSafeParcelable)
com.google.android.gms.internal.cloudmessaging.zzb
com.google.android.gms.internal.cloudmessaging.zzc
com.google.android.gms.internal.cloudmessaging.zzd
com.google.android.gms.internal.cloudmessaging.zze
com.google.android.gms.internal.cloudmessaging.zzf
com.google.android.gms.internal.common.zza